mobilenet[bias,semi-residual]:epoch~68,val_accu~87.5
nohup: ignoring input
Files already downloaded and verified
Files already downloaded and verified
Epoch~1->train_loss:2.0477, val_loss:1.6087, val_accu:0.3956, time:22.6638
Epoch~2->train_loss:1.5133, val_loss:1.4031, val_accu:0.4955, time:21.5639
Epoch~3->train_loss:1.2866, val_loss:1.1951, val_accu:0.5703, time:21.4631
Epoch~4->train_loss:1.1057, val_loss:1.0773, val_accu:0.6237, time:22.3102
Epoch~5->train_loss:0.9789, val_loss:0.915, val_accu:0.6818, time:21.3457
Epoch~6->train_loss:0.8767, val_loss:0.8509, val_accu:0.7021, time:22.2741
Epoch~7->train_loss:0.7987, val_loss:0.8392, val_accu:0.707, time:22.188
Epoch~8->train_loss:0.7323, val_loss:0.7358, val_accu:0.7511, time:20.8913
Epoch~9->train_loss:0.6838, val_loss:0.6807, val_accu:0.7624, time:21.7992
Epoch~10->train_loss:0.6401, val_loss:0.6252, val_accu:0.7815, time:21.0159
Epoch~11->train_loss:0.6137, val_loss:0.6251, val_accu:0.786, time:22.1511
Epoch~12->time:21.8764
Epoch~13->train_loss:0.5635, val_loss:0.632, val_accu:0.7876, time:21.2595
Epoch~14->train_loss:0.5377, val_loss:0.604, val_accu:0.7962, time:21.5702
Epoch~15->train_loss:0.5228, val_loss:0.5272, val_accu:0.8197, time:21.7252
Epoch~16->time:21.848
Epoch~17->time:21.7126
Epoch~18->time:22.3486
Epoch~19->train_loss:0.4749, val_loss:0.5221, val_accu:0.8272, time:20.8962
Epoch~20->train_loss:0.4619, val_loss:0.5054, val_accu:0.8318, time:21.7967
Epoch~21->time:22.1577
Epoch~22->train_loss:0.4463, val_loss:0.4978, val_accu:0.835, time:21.5794
Epoch~23->train_loss:0.4302, val_loss:0.4707, val_accu:0.841, time:21.9815
Epoch~24->time:21.8365
Epoch~25->time:22.8514
Epoch~26->time:21.621
Epoch~27->train_loss:0.4062, val_loss:0.4632, val_accu:0.8432, time:21.1056
Epoch~28->time:21.931
Epoch~29->train_loss:0.398, val_loss:0.4557, val_accu:0.8479, time:21.9004
Epoch~30->train_loss:0.3961, val_loss:0.4625, val_accu:0.8487, time:22.0954
Epoch~31->train_loss:0.3913, val_loss:0.4365, val_accu:0.8501, time:21.3308
Epoch~32->time:20.5564
Epoch~33->time:21.6131
Epoch~34->time:22.54
Epoch~35->time:22.052
Epoch~36->time:22.3044
Epoch~37->time:22.1007
Epoch~38->train_loss:0.3655, val_loss:0.4245, val_accu:0.856, time:22.0495
Epoch~39->time:21.6689
Epoch~40->time:22.5397
Epoch~41->train_loss:0.3595, val_loss:0.4026, val_accu:0.8633, time:21.7391
Epoch~42->time:21.8533
Epoch~43->time:21.7928
Epoch~44->time:22.3064
Epoch~45->time:21.4881
Epoch~46->time:21.9018
Epoch~47->time:22.0821
Epoch~48->time:21.247
Epoch~49->time:21.6157
Epoch~50->time:21.5916
Epoch~51->time:21.8139
Epoch~52->time:21.9708
Epoch~53->time:21.4097
Epoch~54->time:21.1424
Epoch~55->time:20.2938
Epoch~56->train_loss:0.3375, val_loss:0.4139, val_accu:0.8684, time:22.0566
Epoch~57->time:21.8035
Epoch~58->time:21.7713
Epoch~59->time:21.9086
Epoch~60->time:20.5042
Epoch~61->time:22.0527
Epoch~62->time:21.7447
Epoch~63->time:21.8304
Epoch~64->time:22.2117
Epoch~65->time:21.6184
Epoch~66->time:21.2208
Epoch~67->train_loss:0.335, val_loss:0.3956, val_accu:0.8695, time:22.459
Epoch~68->time:21.5625
Epoch~69->time:22.0729
Epoch~70->time:21.4785
Epoch~71->time:22.0068
Epoch~72->time:20.645
Epoch~73->time:21.8813
Epoch~74->time:21.5989
Epoch~75->time:22.9537
Epoch~76->time:22.2415
Epoch~77->time:21.8467
Epoch~78->time:21.9909
Epoch~79->time:22.376
Epoch~80->time:21.2537
Epoch~81->time:22.1138
Epoch~82->time:22.5037
Epoch~83->time:22.1727
Epoch~84->time:21.3095
Epoch~85->time:21.9984
Epoch~86->time:21.9843
Epoch~87->time:21.3689
Epoch~88->time:21.789
Epoch~89->time:21.35
Epoch~90->time:22.0738
Epoch~91->time:22.4328
Epoch~92->time:23.0125
Epoch~93->time:22.5929
Epoch~94->time:21.7568
Epoch~95->time:21.7218
Epoch~96->time:21.961
Epoch~97->time:22.2462
Epoch~98->train_loss:0.3089, val_loss:0.3888, val_accu:0.8709, time:22.1559
Epoch~99->time:21.4105
Epoch~100->time:21.8104
Epoch~101->train_loss:0.2104, val_loss:0.2689, val_accu:0.9097, time:22.6647
Epoch~102->train_loss:0.1693, val_loss:0.2685, val_accu:0.9132, time:21.3081
Epoch~103->train_loss:0.1562, val_loss:0.2612, val_accu:0.915, time:21.5662
Epoch~104->train_loss:0.145, val_loss:0.2614, val_accu:0.9173, time:21.7562
Epoch~105->time:22.4638
Epoch~106->time:21.8418
Epoch~107->train_loss:0.1292, val_loss:0.2619, val_accu:0.9176, time:21.8056
Epoch~108->time:23.0702
Epoch~109->time:22.7272
Epoch~110->time:22.2186
Epoch~111->time:20.73
Epoch~112->time:21.1041
Epoch~113->time:21.4553
Epoch~114->train_loss:0.1016, val_loss:0.2765, val_accu:0.9183, time:22.114
Epoch~115->time:21.6079
Epoch~116->time:21.9122
Epoch~117->time:22.1381
Epoch~118->time:21.5678
Epoch~119->time:22.1923
Epoch~120->time:20.1434
Epoch~121->train_loss:0.086, val_loss:0.2834, val_accu:0.9191, time:21.48
Epoch~122->time:22.0527
Epoch~123->time:22.2324
Epoch~124->time:21.9532
Epoch~125->time:21.6685
Epoch~126->time:22.2423
Epoch~127->time:23.534
Epoch~128->train_loss:0.0769, val_loss:0.2919, val_accu:0.9198, time:22.3934
Epoch~129->time:22.3887
Epoch~130->time:21.7093
Epoch~131->time:22.5285
Epoch~132->time:21.2857
Epoch~133->time:20.7574
Epoch~134->time:21.0905
Epoch~135->time:21.8334
Epoch~136->time:22.3573
Epoch~137->time:22.3095
Epoch~138->time:21.8723
Epoch~139->time:21.6732
Epoch~140->time:22.6342
Epoch~141->time:22.2936
Epoch~142->time:21.6622
Epoch~143->time:21.922
Epoch~144->time:20.9195
Epoch~145->time:22.4147
Epoch~146->time:21.2143
Epoch~147->time:21.6986
Epoch~148->time:21.7691
Epoch~149->time:21.5318
Epoch~150->time:21.6413
Epoch~151->train_loss:0.0493, val_loss:0.3126, val_accu:0.9214, time:21.4043
Epoch~152->train_loss:0.0428, val_loss:0.3097, val_accu:0.9224, time:21.5594
Epoch~153->train_loss:0.0398, val_loss:0.3081, val_accu:0.9239, time:22.195
Epoch~154->time:22.8918
Epoch~155->time:21.6608
Epoch~156->time:21.9813
Epoch~157->time:21.6001
Epoch~158->time:21.5906
Epoch~159->time:22.3006
Epoch~160->time:22.9565
Epoch~161->time:22.0961
Epoch~162->time:21.7931
Epoch~163->time:22.3866
Epoch~164->train_loss:0.0304, val_loss:0.3233, val_accu:0.924, time:20.427
Epoch~165->time:21.903
Epoch~166->time:21.5483
Epoch~167->time:20.904
Epoch~168->time:22.5964
Epoch~169->time:21.6643
Epoch~170->time:21.8319
Epoch~171->time:21.6699
Epoch~172->time:22.4907
Epoch~173->time:22.2351
Epoch~174->time:22.651
Epoch~175->time:21.7875
Epoch~176->time:21.4619
Epoch~177->time:21.6271
Epoch~178->time:22.0017
Epoch~179->time:22.6687
Epoch~180->time:21.4033
Epoch~181->time:21.9729
Epoch~182->time:21.8569
Epoch~183->time:21.4391
Epoch~184->time:22.0117
Epoch~185->time:21.82
Epoch~186->time:22.3412
Epoch~187->time:21.8992
Epoch~188->time:21.1473
Epoch~189->time:21.8354
Epoch~190->time:20.4489
Epoch~191->time:21.1507
Epoch~192->time:20.3281
Epoch~193->time:21.8535
Epoch~194->time:21.7311
Epoch~195->time:22.2079
Epoch~196->time:22.3531
Epoch~197->time:21.8653
Epoch~198->time:22.0333
Epoch~199->time:21.9715
Epoch~200->time:21.6002
