Files already downloaded and verified
Files already downloaded and verified
()Epoch~1->train_loss:3.6639, val_loss:3.3108, val_accu:0.1932, time:308.5157, learning rate:0.1
conv_in.channel_alpha 0.991876482963562 -0.0013744835741817951
stages.0.block.conv1.channel_alpha 0.9747757315635681 -0.0017928332090377808
stages.0.block.conv2.kernel_alpha 0.3333333432674408 -0.0054115550592541695
stages.0.block.conv3.channel_alpha 0.9879941940307617 0.000793814891949296
stages.0.skips.0.conv1.channel_alpha 0.9493475556373596 -0.002073966898024082
stages.0.skips.0.conv2.kernel_alpha 0.5336598753929138 -0.0014864337863400578
stages.0.skips.1.conv1.channel_alpha 0.9952620267868042 -0.0013072120491415262
stages.0.skips.1.conv2.kernel_alpha 0.7135258316993713 -0.0009436241816729307
stages.1.block.conv1.channel_alpha 0.9484129548072815 -0.0005435147322714329
stages.1.block.conv2.kernel_alpha 0.6515258550643921 0.0008232104009948671
stages.1.block.conv3.channel_alpha 0.9768012166023254 0.0016510171117261052
stages.1.skips.0.conv1.channel_alpha 0.9912452697753906 0.0005037882947362959
stages.1.skips.0.conv2.kernel_alpha 0.5713397264480591 0.000472634332254529
stages.1.skips.1.conv1.channel_alpha 0.9639919400215149 0.00032074484624899924
stages.1.skips.1.conv2.kernel_alpha 0.6101707220077515 0.00024564904742874205
stages.1.skips.2.conv1.channel_alpha 0.9997456073760986 8.80620937095955e-05
stages.1.skips.2.conv2.kernel_alpha 0.7173733115196228 -0.0001084867981262505
stages.2.block.conv1.channel_alpha 0.9866531491279602 -5.096487711853115e-06
stages.2.block.conv2.kernel_alpha 0.6822302341461182 0.0016771304653957486
stages.2.block.conv3.channel_alpha 0.9879405498504639 -0.0003212869924027473
stages.2.skips.0.conv1.channel_alpha 0.9961092472076416 1.672518737905193e-05
stages.2.skips.0.conv2.kernel_alpha 0.6463808417320251 0.0017345169326290488
stages.2.skips.1.conv1.channel_alpha 0.9970690608024597 0.00017364954692311585
stages.2.skips.1.conv2.kernel_alpha 0.6781236529350281 0.0007087013218551874
stages.2.skips.2.conv1.channel_alpha 0.9922836422920227 -0.00023332449200097471
stages.2.skips.2.conv2.kernel_alpha 0.711778461933136 0.0014438257785513997
stages.2.skips.3.conv1.channel_alpha 0.9706565737724304 -0.00013876637967769057
stages.2.skips.3.conv2.kernel_alpha 0.5702024698257446 -0.0010693151270970702
stages.2.skips.4.conv1.channel_alpha 0.989533007144928 -0.00043540302431210876
stages.2.skips.4.conv2.kernel_alpha 0.6977546215057373 0.0001984720875043422
stages.3.block.conv1.channel_alpha 0.9916665554046631 -0.00034072279231622815
stages.3.block.conv2.kernel_alpha 0.7558847665786743 -0.001972426427528262
stages.3.block.conv3.channel_alpha 0.9837082624435425 -0.00028636958450078964
stages.3.skips.0.conv1.channel_alpha 0.9974174499511719 -9.742649854160845e-05
stages.3.skips.0.conv2.kernel_alpha 0.7847256660461426 0.0014317495515570045
stages.3.skips.1.conv1.channel_alpha 0.9970816969871521 -0.0001478561171097681
stages.3.skips.1.conv2.kernel_alpha 0.9998326897621155 -0.0002514845400582999
conv_out.channel_alpha 1.0 -6.40145517536439e-05
()Epoch~2->train_loss:2.7387, val_loss:2.5563, val_accu:0.3303, time:309.6686, learning rate:0.1
conv_in.channel_alpha 1.0 -0.0026040319353342056
stages.0.block.conv1.channel_alpha 0.9080438613891602 -0.0032366435043513775
stages.0.block.conv2.kernel_alpha 0.3333333432674408 0.018526624888181686
stages.0.block.conv3.channel_alpha 0.9974173903465271 0.0024989505764096975
stages.0.skips.0.conv1.channel_alpha 0.9147473573684692 -0.000852311379276216
stages.0.skips.0.conv2.kernel_alpha 0.3333333432674408 -0.0038803471252322197
stages.0.skips.1.conv1.channel_alpha 0.9919693470001221 0.0014789256965741515
stages.0.skips.1.conv2.kernel_alpha 0.7663910984992981 0.0011358283227309585
stages.1.block.conv1.channel_alpha 0.9335135817527771 -0.00046558293979614973
stages.1.block.conv2.kernel_alpha 0.3333333432674408 0.004390561953186989
stages.1.block.conv3.channel_alpha 0.9832099676132202 0.0009814801160246134
stages.1.skips.0.conv1.channel_alpha 0.9954288005828857 -0.00018337229266762733
stages.1.skips.0.conv2.kernel_alpha 0.47564926743507385 0.0003076118300668895
stages.1.skips.1.conv1.channel_alpha 0.9267933964729309 0.0001337237044936046
stages.1.skips.1.conv2.kernel_alpha 0.5840327143669128 0.0005973028601147234
stages.1.skips.2.conv1.channel_alpha 1.0 0.00010084468522109091
stages.1.skips.2.conv2.kernel_alpha 0.8900349140167236 0.0011409607250243425
stages.2.block.conv1.channel_alpha 0.9862775206565857 9.515395504422486e-06
stages.2.block.conv2.kernel_alpha 0.7856557369232178 0.0014965785667300224
stages.2.block.conv3.channel_alpha 0.9858840107917786 0.0006120055913925171
stages.2.skips.0.conv1.channel_alpha 0.9944648146629333 -0.00035316034336574376
stages.2.skips.0.conv2.kernel_alpha 0.6109937429428101 -0.0011865640990436077
stages.2.skips.1.conv1.channel_alpha 0.9864470362663269 -0.0003381711430847645
stages.2.skips.1.conv2.kernel_alpha 0.7694206237792969 -0.00040529522811993957
stages.2.skips.2.conv1.channel_alpha 0.9822850227355957 0.00027956717531196773
stages.2.skips.2.conv2.kernel_alpha 0.7666295170783997 -0.001974343089386821
stages.2.skips.3.conv1.channel_alpha 0.9726153016090393 -0.0002761846699286252
stages.2.skips.3.conv2.kernel_alpha 0.5250850915908813 -0.000611348426900804
stages.2.skips.4.conv1.channel_alpha 0.9821179509162903 -0.0010700109414756298
stages.2.skips.4.conv2.kernel_alpha 0.8153996467590332 -0.0006543232011608779
stages.3.block.conv1.channel_alpha 0.9888225197792053 5.359126953408122e-05
stages.3.block.conv2.kernel_alpha 1.0 -0.0007018554606474936
stages.3.block.conv3.channel_alpha 0.9740375876426697 0.0012084332993254066
stages.3.skips.0.conv1.channel_alpha 0.9972072839736938 -0.0005693042767234147
stages.3.skips.0.conv2.kernel_alpha 0.872718095779419 0.0033428946044296026
stages.3.skips.1.conv1.channel_alpha 0.9963088035583496 4.588896263157949e-05
stages.3.skips.1.conv2.kernel_alpha 1.0 8.845050615491346e-06
conv_out.channel_alpha 1.0 4.7879737394396216e-05
