Files already downloaded and verified
Files already downloaded and verified
()Epoch~1->train_loss:3.9853, val_loss:3.6491, val_accu:0.1315, time:214.0056, learning rate:0.1
conv_in.channel_alpha 0.996168315410614 -0.0008091356139630079
stages.0.block.conv1.channel_alpha 1.0 9.097971633309498e-05
stages.0.block.conv2.kernel_alpha 0.7071525454521179 0.0032584082800894976
stages.0.block.conv3.channel_alpha 1.0 -3.822678991127759e-05
stages.0.skips.0.conv1.channel_alpha 0.98289555311203 0.0014649098739027977
stages.0.skips.0.conv2.kernel_alpha 0.7047091722488403 0.0008169627981260419
stages.0.skips.1.conv1.channel_alpha 0.9999905824661255 0.00014248584921006113
stages.0.skips.1.conv2.kernel_alpha 0.6830304265022278 0.0013890775153413415
stages.1.block.conv1.channel_alpha 1.0 0.00022694711515214294
stages.1.block.conv2.kernel_alpha 0.7020511031150818 0.0005754077574238181
stages.1.block.conv3.channel_alpha 0.9785244464874268 -0.0011000593658536673
stages.1.skips.0.conv1.channel_alpha 0.9923890233039856 0.0005418131477199495
stages.1.skips.0.conv2.kernel_alpha 0.5160205960273743 -0.00419765617698431
stages.1.skips.1.conv1.channel_alpha 0.9241553544998169 0.0007712452206760645
stages.1.skips.1.conv2.kernel_alpha 0.6520000696182251 0.003861095290631056
stages.1.skips.2.conv1.channel_alpha 0.9780685901641846 0.00039997900603339076
stages.1.skips.2.conv2.kernel_alpha 0.6843964457511902 0.0008471016772091389
stages.2.block.conv1.channel_alpha 1.0 9.959916496882215e-05
stages.2.block.conv2.kernel_alpha 0.6617828607559204 0.001578273717314005
stages.2.block.conv3.channel_alpha 0.9924581050872803 9.005681204143912e-05
stages.2.skips.0.conv1.channel_alpha 0.9631580114364624 0.0018206210806965828
stages.2.skips.0.conv2.kernel_alpha 0.7051709294319153 0.0018923565512523055
stages.2.skips.1.conv1.channel_alpha 0.9823864102363586 0.00048492744099348783
stages.2.skips.1.conv2.kernel_alpha 0.6682406663894653 0.0012957783183082938
stages.2.skips.2.conv1.channel_alpha 0.9586765170097351 -0.00016324897296726704
stages.2.skips.2.conv2.kernel_alpha 0.6389430165290833 0.0008356605540029705
stages.2.skips.3.conv1.channel_alpha 0.9954472780227661 0.00010181646212004125
stages.2.skips.3.conv2.kernel_alpha 0.6746270060539246 0.000753547006752342
stages.2.skips.4.conv1.channel_alpha 0.9764580726623535 -0.00043535075383260846
stages.2.skips.4.conv2.kernel_alpha 0.6730344295501709 0.0004833886632695794
stages.3.block.conv1.channel_alpha 0.9932257533073425 -0.0005450289463624358
stages.3.block.conv2.kernel_alpha 0.8909121155738831 0.0009153274586424232
stages.3.block.conv3.channel_alpha 0.9973685145378113 7.081081275828183e-05
stages.3.skips.0.conv1.channel_alpha 1.0 7.408596047753235e-06
stages.3.skips.0.conv2.kernel_alpha 0.8343928456306458 -0.002156634582206607
stages.3.skips.1.conv1.channel_alpha 0.9874624013900757 -0.00012974240235053003
stages.3.skips.1.conv2.kernel_alpha 0.6624345779418945 0.0007166561554186046
conv_out.channel_alpha 1.0 -1.6935138773988e-05
()Epoch~2->train_loss:3.3251, val_loss:3.7808, val_accu:0.1312, time:216.0073, learning rate:0.1
conv_in.channel_alpha 0.9999992847442627 0.0
stages.0.block.conv1.channel_alpha 0.9974883794784546 0.004174467641860247
stages.0.block.conv2.kernel_alpha 0.6633232235908508 0.01922798715531826
stages.0.block.conv3.channel_alpha 0.9955495595932007 0.000636712764389813
stages.0.skips.0.conv1.channel_alpha 0.9851015210151672 -0.00038879745989106596
stages.0.skips.0.conv2.kernel_alpha 0.7484058141708374 0.003443778958171606
stages.0.skips.1.conv1.channel_alpha 0.9007062315940857 0.0030003306455910206
stages.0.skips.1.conv2.kernel_alpha 0.6716423630714417 -0.0027442609425634146
stages.1.block.conv1.channel_alpha 0.9965502619743347 -0.002171317581087351
stages.1.block.conv2.kernel_alpha 0.6817859411239624 -0.006532273255288601
stages.1.block.conv3.channel_alpha 0.9800897240638733 -0.000667152926325798
stages.1.skips.0.conv1.channel_alpha 0.9947963953018188 0.00037609724677167833
stages.1.skips.0.conv2.kernel_alpha 0.3333333432674408 0.00394465634599328
stages.1.skips.1.conv1.channel_alpha 0.909679114818573 1.5838595572859049e-06
stages.1.skips.1.conv2.kernel_alpha 0.6637473702430725 0.001996061997488141
stages.1.skips.2.conv1.channel_alpha 0.9770025014877319 -0.00024207288515754044
stages.1.skips.2.conv2.kernel_alpha 0.7020724415779114 0.0006466563208959997
stages.2.block.conv1.channel_alpha 1.0 -2.904669145209482e-06
stages.2.block.conv2.kernel_alpha 0.6375971436500549 -0.00015144882490858436
stages.2.block.conv3.channel_alpha 0.9777089357376099 -0.0013244746951386333
stages.2.skips.0.conv1.channel_alpha 0.9523983001708984 9.190097784994578e-07
stages.2.skips.0.conv2.kernel_alpha 0.8349604606628418 -0.0008685304783284664
stages.2.skips.1.conv1.channel_alpha 0.9876733422279358 -0.0007724199676886201
stages.2.skips.1.conv2.kernel_alpha 0.7245621681213379 0.0017199879512190819
stages.2.skips.2.conv1.channel_alpha 0.9302607774734497 0.0011585865868255496
stages.2.skips.2.conv2.kernel_alpha 0.6468801498413086 -0.00010735445539467037
stages.2.skips.3.conv1.channel_alpha 0.9768409132957458 -6.130003021098673e-05
stages.2.skips.3.conv2.kernel_alpha 0.6854750514030457 5.8961770264431834e-05
stages.2.skips.4.conv1.channel_alpha 0.9799806475639343 -0.0007914800080470741
stages.2.skips.4.conv2.kernel_alpha 0.6774422526359558 0.00023859985230956227
stages.3.block.conv1.channel_alpha 0.9902375340461731 0.00024114119878504425
stages.3.block.conv2.kernel_alpha 0.9979625344276428 -0.0006918446742929518
stages.3.block.conv3.channel_alpha 0.9965559244155884 1.8203812942374498e-05
stages.3.skips.0.conv1.channel_alpha 1.0 0.000761931762099266
stages.3.skips.0.conv2.kernel_alpha 0.9973113536834717 0.0023124832659959793
stages.3.skips.1.conv1.channel_alpha 0.9793369770050049 0.00047032636939547956
stages.3.skips.1.conv2.kernel_alpha 0.6782419085502625 -0.00039262609789147973
conv_out.channel_alpha 1.0 0.00028181305970065296
()Epoch~3->train_loss:2.7579, val_loss:2.6699, val_accu:0.3147, time:218.5089, learning rate:0.0999
conv_in.channel_alpha 0.9919660687446594 0.001588036771863699
stages.0.block.conv1.channel_alpha 1.0 -0.0006504907505586743
stages.0.block.conv2.kernel_alpha 0.6790594458580017 0.0007120477966964245
stages.0.block.conv3.channel_alpha 0.9667983055114746 -0.00044695576070807874
stages.0.skips.0.conv1.channel_alpha 0.986366868019104 0.0002349618007428944
stages.0.skips.0.conv2.kernel_alpha 0.7956677079200745 0.0036493560764938593
stages.0.skips.1.conv1.channel_alpha 0.8797222375869751 0.0005365784745663404
stages.0.skips.1.conv2.kernel_alpha 0.7397221326828003 -0.000524984032381326
stages.1.block.conv1.channel_alpha 0.9700833559036255 -0.0012773440685123205
stages.1.block.conv2.kernel_alpha 0.6745576858520508 0.003000336466357112
stages.1.block.conv3.channel_alpha 0.9867831468582153 0.00041646783938631415
stages.1.skips.0.conv1.channel_alpha 0.994809091091156 0.00048147860798053443
stages.1.skips.0.conv2.kernel_alpha 0.3333333432674408 -0.0011999834096059203
stages.1.skips.1.conv1.channel_alpha 0.9257701635360718 0.0007017091265879571
stages.1.skips.1.conv2.kernel_alpha 0.6727181673049927 -0.001920441398397088
stages.1.skips.2.conv1.channel_alpha 0.9772509336471558 -0.0004777934227604419
stages.1.skips.2.conv2.kernel_alpha 0.7887845039367676 -0.0006323104607872665
stages.2.block.conv1.channel_alpha 0.9964891076087952 -0.0012275963090360165
stages.2.block.conv2.kernel_alpha 0.6338149309158325 0.0019236360676586628
stages.2.block.conv3.channel_alpha 0.979313850402832 -0.0003623728407546878
stages.2.skips.0.conv1.channel_alpha 0.954281747341156 0.00010618291707942262
stages.2.skips.0.conv2.kernel_alpha 1.0 -0.0009328796295449138
stages.2.skips.1.conv1.channel_alpha 0.9738626480102539 -0.001364810741506517
stages.2.skips.1.conv2.kernel_alpha 0.8536717295646667 0.001080694142729044
stages.2.skips.2.conv1.channel_alpha 0.9238437414169312 0.0005081257550045848
stages.2.skips.2.conv2.kernel_alpha 0.6568352580070496 3.6362744140205905e-05
stages.2.skips.3.conv1.channel_alpha 0.9693161845207214 -0.0001209908296004869
stages.2.skips.3.conv2.kernel_alpha 0.7543985843658447 -0.0015861503779888153
stages.2.skips.4.conv1.channel_alpha 0.9607747197151184 5.291336128721014e-05
stages.2.skips.4.conv2.kernel_alpha 0.6986181735992432 -0.0012150296242907643
stages.3.block.conv1.channel_alpha 0.9898030161857605 -0.0007485856767743826
stages.3.block.conv2.kernel_alpha 1.0 -0.0007553097093477845
stages.3.block.conv3.channel_alpha 0.9972707033157349 -3.5488239518599585e-05
stages.3.skips.0.conv1.channel_alpha 0.9954007267951965 0.0015692726010456681
stages.3.skips.0.conv2.kernel_alpha 1.0 -0.000365368410712108
stages.3.skips.1.conv1.channel_alpha 0.9707653522491455 -0.0002468941092956811
stages.3.skips.1.conv2.kernel_alpha 0.8173975944519043 -0.000887237605638802
conv_out.channel_alpha 1.0 -0.00035799562465399504
