Files already downloaded and verified
Files already downloaded and verified
()Epoch~1->train_loss:3.7268, val_loss:3.4424, val_accu:0.1762, time:253.3433, learning rate:0.1
conv_in.channel_alpha 1.0 -5.269218672765419e-05
stages.0.block.conv1.channel_alpha 0.9660647511482239 -0.0008923343266360462
stages.0.block.conv2.kernel_alpha 0.6750848889350891 -0.0003327456070110202
stages.0.block.conv3.channel_alpha 0.9993398785591125 0.0024773587938398123
stages.0.skips.0.conv1.channel_alpha 0.9997953176498413 0.0005129185155965388
stages.0.skips.0.conv2.kernel_alpha 0.7292914390563965 -3.9299920899793506e-06
stages.0.skips.1.conv1.channel_alpha 0.9145944714546204 -0.002475659130141139
stages.0.skips.1.conv2.kernel_alpha 0.6881170868873596 0.0015522715402767062
stages.1.block.conv1.channel_alpha 0.9806363582611084 0.0002467579615768045
stages.1.block.conv2.kernel_alpha 0.6841857433319092 -0.001105987117625773
stages.1.block.conv3.channel_alpha 0.9927130937576294 -0.0004450106935109943
stages.1.skips.0.conv1.channel_alpha 0.9926531314849854 0.0005369766731746495
stages.1.skips.0.conv2.kernel_alpha 0.5367891192436218 0.00024149018281605095
stages.1.skips.1.conv1.channel_alpha 0.9612503051757812 5.276699084788561e-06
stages.1.skips.1.conv2.kernel_alpha 0.619450032711029 -0.0001943392853718251
stages.1.skips.2.conv1.channel_alpha 0.981758177280426 0.00017872931493911892
stages.1.skips.2.conv2.kernel_alpha 0.6710183024406433 -7.905694656074047e-05
stages.2.block.conv1.channel_alpha 0.9958593249320984 -0.00019534255261532962
stages.2.block.conv2.kernel_alpha 0.7329350113868713 -0.0005219980957917869
stages.2.block.conv3.channel_alpha 0.9942137002944946 0.00039624370401725173
stages.2.skips.0.conv1.channel_alpha 0.9960596561431885 -0.0006557580782100558
stages.2.skips.0.conv2.kernel_alpha 0.592853844165802 0.0004217810637783259
stages.2.skips.1.conv1.channel_alpha 0.9940476417541504 -0.0001843200298026204
stages.2.skips.1.conv2.kernel_alpha 0.6871426105499268 0.00148885534144938
stages.2.skips.2.conv1.channel_alpha 0.9689850807189941 0.0004865604278165847
stages.2.skips.2.conv2.kernel_alpha 0.643082320690155 -0.0002772430016193539
stages.2.skips.3.conv1.channel_alpha 0.9891043305397034 0.0003750682226382196
stages.2.skips.3.conv2.kernel_alpha 0.757344663143158 -0.0007325885817408562
stages.2.skips.4.conv1.channel_alpha 0.9937409162521362 -0.00040402612648904324
stages.2.skips.4.conv2.kernel_alpha 0.7579997181892395 0.00034191738814115524
stages.3.block.conv1.channel_alpha 0.984748899936676 0.0006307457224465907
stages.3.block.conv2.kernel_alpha 0.6319575309753418 0.0012258067727088928
stages.3.block.conv3.channel_alpha 0.9814550280570984 -0.0004117624484933913
stages.3.skips.0.conv1.channel_alpha 0.9938541054725647 0.0005011190660297871
stages.3.skips.0.conv2.kernel_alpha 0.6549901366233826 -7.100576476659626e-05
stages.3.skips.1.conv1.channel_alpha 0.9933708906173706 0.00025146733969449997
stages.3.skips.1.conv2.kernel_alpha 1.0 -0.001206042943522334
conv_out.channel_alpha 1.0 -0.00040321869892068207
()Epoch~2->train_loss:2.8425, val_loss:2.8398, val_accu:0.2752, time:252.8921, learning rate:0.1
conv_in.channel_alpha 0.9934192299842834 -0.000976954004727304
stages.0.block.conv1.channel_alpha 0.9918909668922424 0.0006270199664868414
stages.0.block.conv2.kernel_alpha 0.692720890045166 0.004344403278082609
stages.0.block.conv3.channel_alpha 0.9681284427642822 -0.0006247754208743572
stages.0.skips.0.conv1.channel_alpha 1.0 -0.00048478407552465796
stages.0.skips.0.conv2.kernel_alpha 0.7431050539016724 -0.0004661316052079201
stages.0.skips.1.conv1.channel_alpha 0.8284342288970947 -0.001100456342101097
stages.0.skips.1.conv2.kernel_alpha 0.6661574244499207 0.0055680652149021626
stages.1.block.conv1.channel_alpha 1.0 0.00023727498773951083
stages.1.block.conv2.kernel_alpha 0.6956660747528076 -6.17414407315664e-05
stages.1.block.conv3.channel_alpha 0.9764469265937805 -0.0013009441317990422
stages.1.skips.0.conv1.channel_alpha 0.9944124817848206 -0.0008745786617510021
stages.1.skips.0.conv2.kernel_alpha 0.5881525278091431 0.0021596120204776525
stages.1.skips.1.conv1.channel_alpha 0.9278187155723572 -0.0005394500331021845
stages.1.skips.1.conv2.kernel_alpha 0.5650690197944641 -0.00017208589997608215
stages.1.skips.2.conv1.channel_alpha 0.980354905128479 -0.0002664927742443979
stages.1.skips.2.conv2.kernel_alpha 0.6746352910995483 0.001302572782151401
stages.2.block.conv1.channel_alpha 0.9963943362236023 -0.0005764855304732919
stages.2.block.conv2.kernel_alpha 0.8545607924461365 0.003052234183996916
stages.2.block.conv3.channel_alpha 0.9914512038230896 -0.0002496205270290375
stages.2.skips.0.conv1.channel_alpha 0.9523478746414185 0.0010016276501119137
stages.2.skips.0.conv2.kernel_alpha 0.5604273676872253 -0.00038959470111876726
stages.2.skips.1.conv1.channel_alpha 0.9993067979812622 0.000562516856007278
stages.2.skips.1.conv2.kernel_alpha 0.7978725433349609 0.0007376326830126345
stages.2.skips.2.conv1.channel_alpha 0.9544335603713989 -0.0007488129776902497
stages.2.skips.2.conv2.kernel_alpha 0.64131760597229 -0.0002390392473898828
stages.2.skips.3.conv1.channel_alpha 0.9930923581123352 -0.0008239623857662082
stages.2.skips.3.conv2.kernel_alpha 0.9249601364135742 0.00020427239360287786
stages.2.skips.4.conv1.channel_alpha 0.990578293800354 -0.00017328388639725745
stages.2.skips.4.conv2.kernel_alpha 0.9176143407821655 -0.0010981981176882982
stages.3.block.conv1.channel_alpha 0.9860628843307495 -0.00030890826019458473
stages.3.block.conv2.kernel_alpha 0.5640555620193481 7.444786751875654e-05
stages.3.block.conv3.channel_alpha 0.9763250350952148 -0.00011851900490000844
stages.3.skips.0.conv1.channel_alpha 0.9942053556442261 -4.460451236809604e-05
stages.3.skips.0.conv2.kernel_alpha 0.649549126625061 0.0008752646390348673
stages.3.skips.1.conv1.channel_alpha 0.9951174855232239 -0.000279860629234463
stages.3.skips.1.conv2.kernel_alpha 1.0 -0.0005946538876742125
conv_out.channel_alpha 1.0 -3.671953163575381e-05
