Files already downloaded and verified
Files already downloaded and verified
()Epoch~1->train_loss:1.5461, val_loss:1.241, val_accu:0.558, time:28.371, learning rate:0.1
conv_in.channel_alpha 1.0 0.001549356966279447
stages.0.block.conv1.channel_alpha 0.9847477674484253 0.0002513190556783229
stages.0.block.conv2.channel_alpha 0.971523106098175 -0.00035464600659906864
stages.0.skips.0.conv1.channel_alpha 0.9982905387878418 0.0001220994454342872
stages.1.block.conv1.channel_alpha 0.9921831488609314 -0.00037678604712709785
stages.1.block.conv2.channel_alpha 0.9984297752380371 0.0002656207070685923
stages.1.skips.0.conv1.channel_alpha 0.9999901056289673 0.0005453836638480425
stages.2.block.conv1.channel_alpha 0.9999626278877258 -0.0004540384979918599
stages.2.block.conv2.channel_alpha 0.9937435984611511 -1.3642715202877298e-05
stages.2.skips.0.conv1.channel_alpha 0.9969520568847656 0.00010830185783561319
stages.3.block.conv1.channel_alpha 0.9960538744926453 -7.448805263265967e-06
stages.3.block.conv2.channel_alpha 0.9962732791900635 0.0001729413343127817
stages.3.skips.0.conv1.channel_alpha 0.9998537302017212 2.9336020816117525e-05
conv_out.channel_alpha 0.9553271532058716 -0.00010161487443838269
()Epoch~2->train_loss:0.9774, val_loss:1.0324, val_accu:0.651, time:25.701, learning rate:0.1
conv_in.channel_alpha 1.0 0.001309867948293686
stages.0.block.conv1.channel_alpha 0.9918172955513 0.0015489114448428154
stages.0.block.conv2.channel_alpha 0.9797264933586121 -0.003121223533526063
stages.0.skips.0.conv1.channel_alpha 0.997786819934845 -7.843054481782019e-05
stages.1.block.conv1.channel_alpha 0.9883238673210144 0.002488254103809595
stages.1.block.conv2.channel_alpha 0.9929099678993225 -0.002152371918782592
stages.1.skips.0.conv1.channel_alpha 1.0 0.0014786079991608858
stages.2.block.conv1.channel_alpha 0.9997318387031555 -0.00029265059856697917
stages.2.block.conv2.channel_alpha 0.9866788983345032 -0.0008412597817368805
stages.2.skips.0.conv1.channel_alpha 1.0 -6.54511313769035e-05
stages.3.block.conv1.channel_alpha 0.9949434995651245 -0.00015788423479534686
stages.3.block.conv2.channel_alpha 0.9909553527832031 -0.00039997760904952884
stages.3.skips.0.conv1.channel_alpha 0.9972787499427795 -4.556990461423993e-06
conv_out.channel_alpha 0.9861615300178528 -2.5348759663756937e-05
()Epoch~3->train_loss:0.7203, val_loss:0.8306, val_accu:0.7194, time:25.797, learning rate:0.0999
conv_in.channel_alpha 1.0 0.000405392813263461
stages.0.block.conv1.channel_alpha 0.9874353408813477 0.000161309028044343
stages.0.block.conv2.channel_alpha 0.9845455288887024 0.001665781019255519
stages.0.skips.0.conv1.channel_alpha 0.9980255365371704 0.0003218005003873259
stages.1.block.conv1.channel_alpha 0.9710262417793274 0.00036710326094180346
stages.1.block.conv2.channel_alpha 0.9976469278335571 0.0016485932283103466
stages.1.skips.0.conv1.channel_alpha 1.0 0.00034690898610278964
stages.2.block.conv1.channel_alpha 0.9967176914215088 -0.00017255524289794266
stages.2.block.conv2.channel_alpha 0.98759925365448 7.762167660985142e-05
stages.2.skips.0.conv1.channel_alpha 0.9999213218688965 0.00021815190848428756
stages.3.block.conv1.channel_alpha 0.9961518049240112 -1.971068741113413e-05
stages.3.block.conv2.channel_alpha 0.9905712604522705 -0.00019941461505368352
stages.3.skips.0.conv1.channel_alpha 0.9943349957466125 7.337676652241498e-05
conv_out.channel_alpha 1.0 9.904296166496351e-05
()Epoch~4->train_loss:0.5756, val_loss:0.7164, val_accu:0.7638, time:25.9309, learning rate:0.0999
conv_in.channel_alpha 1.0 -0.0009746918804012239
stages.0.block.conv1.channel_alpha 0.9815932512283325 -0.0008260494214482605
stages.0.block.conv2.channel_alpha 0.972575306892395 -0.0015462108422070742
stages.0.skips.0.conv1.channel_alpha 0.986604630947113 0.00014432528405450284
stages.1.block.conv1.channel_alpha 0.9696182608604431 0.0005403740215115249
stages.1.block.conv2.channel_alpha 0.9946942925453186 -0.0012119220336899161
stages.1.skips.0.conv1.channel_alpha 1.0 2.4967908757389523e-05
stages.2.block.conv1.channel_alpha 0.998971164226532 0.0005366395926102996
stages.2.block.conv2.channel_alpha 0.9901530146598816 -0.00030733610037714243
stages.2.skips.0.conv1.channel_alpha 0.9985360503196716 -0.00010560255032032728
stages.3.block.conv1.channel_alpha 0.9930804967880249 -1.590680403751321e-05
stages.3.block.conv2.channel_alpha 0.9903299808502197 -0.00021545670460909605
stages.3.skips.0.conv1.channel_alpha 0.9930558204650879 -0.00010518845374463126
conv_out.channel_alpha 1.0 -0.00014171688235364854
()Epoch~5->train_loss:0.4767, val_loss:0.5423, val_accu:0.8133, time:25.9274, learning rate:0.0998
conv_in.channel_alpha 1.0 0.0007327990024350584
stages.0.block.conv1.channel_alpha 0.9782753586769104 0.0002760040224529803
stages.0.block.conv2.channel_alpha 0.9845248460769653 0.0007855366566218436
stages.0.skips.0.conv1.channel_alpha 0.9855053424835205 -0.000875605212058872
stages.1.block.conv1.channel_alpha 0.9723440408706665 0.00036874524084851146
stages.1.block.conv2.channel_alpha 0.9957025051116943 -0.00034222047543153167
stages.1.skips.0.conv1.channel_alpha 0.9957422018051147 0.0006188086699694395
stages.2.block.conv1.channel_alpha 0.993280827999115 -0.00020011820015497506
stages.2.block.conv2.channel_alpha 0.9733071327209473 0.002118979813531041
stages.2.skips.0.conv1.channel_alpha 0.9992927312850952 -0.000369393004802987
stages.3.block.conv1.channel_alpha 0.9910140633583069 -0.00019480378250591457
stages.3.block.conv2.channel_alpha 0.9902904033660889 0.0002462334814481437
stages.3.skips.0.conv1.channel_alpha 0.9907069206237793 -1.4952951460145414e-05
conv_out.channel_alpha 0.9999889135360718 0.00018718097999226302
()Epoch~6->train_loss:0.4131, val_loss:0.5209, val_accu:0.8204, time:26.0071, learning rate:0.0997
conv_in.channel_alpha 0.9934437870979309 0.002552384277805686
stages.0.block.conv1.channel_alpha 0.9694972038269043 0.00035636985558085144
stages.0.block.conv2.channel_alpha 0.9889236688613892 0.0001927111006807536
stages.0.skips.0.conv1.channel_alpha 0.9868544936180115 0.00046765938168391585
stages.1.block.conv1.channel_alpha 0.9685907959938049 -0.00040584104135632515
stages.1.block.conv2.channel_alpha 0.9964402914047241 -0.0006496621062979102
stages.1.skips.0.conv1.channel_alpha 0.9951075911521912 0.0008500977419316769
stages.2.block.conv1.channel_alpha 0.9953434467315674 -4.747367347590625e-05
stages.2.block.conv2.channel_alpha 0.9787606596946716 -0.0008023445843718946
stages.2.skips.0.conv1.channel_alpha 0.9995998740196228 0.0002495917142368853
stages.3.block.conv1.channel_alpha 0.9861673712730408 -4.071359580848366e-05
stages.3.block.conv2.channel_alpha 0.9902890920639038 -0.00036618043668568134
stages.3.skips.0.conv1.channel_alpha 0.9900692701339722 0.00010309908248018473
conv_out.channel_alpha 1.0 -8.571521902922541e-05
()Epoch~7->train_loss:0.3637, val_loss:0.4951, val_accu:0.834, time:25.8217, learning rate:0.0996
conv_in.channel_alpha 0.9986438751220703 -0.00035628234036266804
stages.0.block.conv1.channel_alpha 0.9743142127990723 -0.001253290451131761
stages.0.block.conv2.channel_alpha 0.9858967065811157 0.0008576726540923119
stages.0.skips.0.conv1.channel_alpha 0.9876837134361267 -0.0010717293480411172
stages.1.block.conv1.channel_alpha 0.9687923789024353 -0.00014631127123720944
stages.1.block.conv2.channel_alpha 0.9932522773742676 -0.001075190957635641
stages.1.skips.0.conv1.channel_alpha 0.9935303926467896 -0.00023744473583064973
stages.2.block.conv1.channel_alpha 0.9958617687225342 8.83433167473413e-05
stages.2.block.conv2.channel_alpha 0.9773838520050049 -7.319222640944645e-05
stages.2.skips.0.conv1.channel_alpha 0.9988619089126587 -0.0005185999907553196
stages.3.block.conv1.channel_alpha 0.9883635640144348 -0.0003248676366638392
stages.3.block.conv2.channel_alpha 0.9886449575424194 -0.00014748869580216706
stages.3.skips.0.conv1.channel_alpha 0.990385890007019 1.5086508938111365e-05
conv_out.channel_alpha 1.0 2.769133061519824e-05
()Epoch~8->train_loss:0.323, val_loss:0.4234, val_accu:0.8584, time:25.9376, learning rate:0.0995
conv_in.channel_alpha 1.0 4.819013611268019e-06
stages.0.block.conv1.channel_alpha 0.9768466353416443 5.216634599491954e-05
stages.0.block.conv2.channel_alpha 0.9942026734352112 0.0005391488084569573
stages.0.skips.0.conv1.channel_alpha 0.9929932355880737 0.0008334664744324982
stages.1.block.conv1.channel_alpha 0.9744855761528015 0.001426469418220222
stages.1.block.conv2.channel_alpha 0.9985958337783813 0.00018804700812324882
stages.1.skips.0.conv1.channel_alpha 0.9959827661514282 0.0008323471993207932
stages.2.block.conv1.channel_alpha 0.9948534369468689 -0.0004244149022269994
stages.2.block.conv2.channel_alpha 0.9768173098564148 -0.0009150889236479998
stages.2.skips.0.conv1.channel_alpha 1.0 4.5391083403956145e-05
stages.3.block.conv1.channel_alpha 0.9891843795776367 -0.00010356982238590717
stages.3.block.conv2.channel_alpha 0.9894878268241882 0.00015902085579000413
stages.3.skips.0.conv1.channel_alpha 0.9897809624671936 5.902858538320288e-05
conv_out.channel_alpha 1.0 -0.00017534370999783278
()Epoch~9->train_loss:0.2964, val_loss:0.4457, val_accu:0.8483, time:26.0433, learning rate:0.0994
conv_in.channel_alpha 1.0 0.0018897546688094735
stages.0.block.conv1.channel_alpha 0.9713931679725647 -0.0006387830944731832
stages.0.block.conv2.channel_alpha 0.9935657978057861 0.0018584555946290493
stages.0.skips.0.conv1.channel_alpha 0.9892777800559998 -0.0005255028372630477
stages.1.block.conv1.channel_alpha 0.964996874332428 0.00011546210589585826
stages.1.block.conv2.channel_alpha 0.9971581101417542 0.0005691545666195452
stages.1.skips.0.conv1.channel_alpha 0.9983811974525452 0.0010637571103870869
stages.2.block.conv1.channel_alpha 0.9945157170295715 0.0006122978520579636
stages.2.block.conv2.channel_alpha 0.9755975008010864 0.0010645805159583688
stages.2.skips.0.conv1.channel_alpha 0.9965251088142395 -8.094054646790028e-05
stages.3.block.conv1.channel_alpha 0.9889603853225708 0.00015377189265564084
stages.3.block.conv2.channel_alpha 0.9891310930252075 -5.163428431842476e-05
stages.3.skips.0.conv1.channel_alpha 0.9889249205589294 -0.00016361552115995437
conv_out.channel_alpha 1.0 6.406999455066398e-05
()Epoch~10->train_loss:0.2633, val_loss:0.3884, val_accu:0.8689, time:25.9421, learning rate:0.0993
conv_in.channel_alpha 1.0 -0.00038118730299174786
stages.0.block.conv1.channel_alpha 0.9837243556976318 0.0002495376393198967
stages.0.block.conv2.channel_alpha 0.9898895025253296 -0.0008174956892617047
stages.0.skips.0.conv1.channel_alpha 0.9877384901046753 -0.0003219720965716988
stages.1.block.conv1.channel_alpha 0.9737168550491333 -6.553836283273995e-05
stages.1.block.conv2.channel_alpha 0.9846933484077454 0.0014978828839957714
stages.1.skips.0.conv1.channel_alpha 0.9882843494415283 0.00022696868109051138
stages.2.block.conv1.channel_alpha 0.9972839951515198 -0.00010964684770442545
stages.2.block.conv2.channel_alpha 0.9788329601287842 9.462237358093262e-06
stages.2.skips.0.conv1.channel_alpha 0.9987087845802307 -1.995795901166275e-05
stages.3.block.conv1.channel_alpha 0.9906904101371765 -0.00013536826008930802
stages.3.block.conv2.channel_alpha 0.9884741306304932 7.920855568954721e-05
stages.3.skips.0.conv1.channel_alpha 0.9883007407188416 -4.5962358854012564e-05
conv_out.channel_alpha 0.9994248151779175 7.408180681522936e-05
()Epoch~11->train_loss:0.2385, val_loss:0.3946, val_accu:0.8705, time:25.9797, learning rate:0.0991
conv_in.channel_alpha 0.9935041069984436 -0.00010763917816802859
stages.0.block.conv1.channel_alpha 0.9803774952888489 0.0001500914222560823
stages.0.block.conv2.channel_alpha 0.998249351978302 -0.0004250887141097337
stages.0.skips.0.conv1.channel_alpha 0.9867677688598633 -0.00040275001083500683
stages.1.block.conv1.channel_alpha 0.9673056602478027 0.0008861192036420107
stages.1.block.conv2.channel_alpha 0.9970539212226868 -0.0004398952587507665
stages.1.skips.0.conv1.channel_alpha 0.9950265288352966 0.0005395100452005863
stages.2.block.conv1.channel_alpha 0.9925898909568787 -4.111573798581958e-05
stages.2.block.conv2.channel_alpha 0.980934739112854 0.00036701472708955407
stages.2.skips.0.conv1.channel_alpha 0.9976245760917664 0.0005033191991969943
stages.3.block.conv1.channel_alpha 0.9895415306091309 0.00020055417553521693
stages.3.block.conv2.channel_alpha 0.9904974699020386 -8.923962741391733e-05
stages.3.skips.0.conv1.channel_alpha 0.9886685013771057 -2.8871076210634783e-05
conv_out.channel_alpha 0.9997727870941162 -0.0001269644999410957
()Epoch~12->train_loss:0.2187, val_loss:0.408, val_accu:0.8604, time:26.0064, learning rate:0.099
conv_in.channel_alpha 0.9902147650718689 0.0012944791233167052
stages.0.block.conv1.channel_alpha 0.9851715564727783 -0.0002248657401651144
stages.0.block.conv2.channel_alpha 0.995089054107666 -0.0005729036638513207
stages.0.skips.0.conv1.channel_alpha 0.9841307997703552 -0.0005915650399401784
stages.1.block.conv1.channel_alpha 0.9626197814941406 -0.00031749269692227244
stages.1.block.conv2.channel_alpha 0.9962530732154846 -0.0011249392991885543
stages.1.skips.0.conv1.channel_alpha 0.9922584295272827 0.000163469128892757
stages.2.block.conv1.channel_alpha 0.9949884414672852 0.0006836234824731946
stages.2.block.conv2.channel_alpha 0.9790919423103333 0.0007401840994134545
stages.2.skips.0.conv1.channel_alpha 0.9983075261116028 -0.0005143609014339745
stages.3.block.conv1.channel_alpha 0.9860369563102722 3.232496965210885e-05
stages.3.block.conv2.channel_alpha 0.9883037805557251 3.343624121043831e-05
stages.3.skips.0.conv1.channel_alpha 0.9873966574668884 -5.2078074077144265e-05
conv_out.channel_alpha 0.9998892545700073 -0.00020652559760492295
()Epoch~13->train_loss:0.2001, val_loss:0.3779, val_accu:0.8773, time:26.0172, learning rate:0.0988
conv_in.channel_alpha 0.9927966594696045 0.00019862117187585682
stages.0.block.conv1.channel_alpha 0.9828324317932129 5.491168849403039e-06
stages.0.block.conv2.channel_alpha 0.9866013526916504 -0.0003841941070277244
stages.0.skips.0.conv1.channel_alpha 0.9820635914802551 0.000984323676675558
stages.1.block.conv1.channel_alpha 0.974159836769104 -0.0003544487408362329
stages.1.block.conv2.channel_alpha 0.9988089203834534 -0.0001473150769015774
stages.1.skips.0.conv1.channel_alpha 0.9935309886932373 -0.00010254242806695402
stages.2.block.conv1.channel_alpha 0.9909555912017822 -0.000947838241700083
stages.2.block.conv2.channel_alpha 0.9759015440940857 -0.000593950564507395
stages.2.skips.0.conv1.channel_alpha 0.9990360140800476 0.00037558452459052205
stages.3.block.conv1.channel_alpha 0.9826675653457642 -0.00015716046618763357
stages.3.block.conv2.channel_alpha 0.9879027605056763 -0.00022062039352022111
stages.3.skips.0.conv1.channel_alpha 0.9899457693099976 -6.454034519265406e-06
conv_out.channel_alpha 1.0 -0.0001536173658678308
()Epoch~14->train_loss:0.184, val_loss:0.3812, val_accu:0.8771, time:25.8055, learning rate:0.0986
conv_in.channel_alpha 1.0 -0.0005641052266582847
stages.0.block.conv1.channel_alpha 0.9844688773155212 -5.984926247037947e-05
stages.0.block.conv2.channel_alpha 0.9814499020576477 0.00016776546544861048
stages.0.skips.0.conv1.channel_alpha 0.9694832563400269 -0.0007181183900684118
stages.1.block.conv1.channel_alpha 0.9675977230072021 1.944303403433878e-05
stages.1.block.conv2.channel_alpha 0.9958189725875854 0.00037968833930790424
stages.1.skips.0.conv1.channel_alpha 0.9962600469589233 0.0003535926225595176
stages.2.block.conv1.channel_alpha 0.9916207194328308 -0.0012877897825092077
stages.2.block.conv2.channel_alpha 0.9774459600448608 0.00011606056068558246
stages.2.skips.0.conv1.channel_alpha 0.9956356287002563 0.00015918810095172375
stages.3.block.conv1.channel_alpha 0.9830203652381897 0.0001482353691244498
stages.3.block.conv2.channel_alpha 0.9886534214019775 -0.0001244821323780343
stages.3.skips.0.conv1.channel_alpha 0.985338568687439 -0.00012436011456884444
conv_out.channel_alpha 1.0 2.8694890715996735e-05
()Epoch~15->train_loss:0.167, val_loss:0.3467, val_accu:0.8872, time:26.0671, learning rate:0.0985
conv_in.channel_alpha 1.0 6.749491149093956e-05
stages.0.block.conv1.channel_alpha 0.981038510799408 -0.0011262341868132353
stages.0.block.conv2.channel_alpha 0.9847027659416199 -0.00018458132399246097
stages.0.skips.0.conv1.channel_alpha 0.987448513507843 -0.00015826529124751687
stages.1.block.conv1.channel_alpha 0.9687807559967041 0.0003836147370748222
stages.1.block.conv2.channel_alpha 0.995549738407135 5.874957423657179e-06
stages.1.skips.0.conv1.channel_alpha 0.994399905204773 7.654048386029899e-05
stages.2.block.conv1.channel_alpha 0.9945369362831116 -0.00033374520717188716
stages.2.block.conv2.channel_alpha 0.9764114618301392 -0.00020967592718079686
stages.2.skips.0.conv1.channel_alpha 0.9980899095535278 0.0005447870353236794
stages.3.block.conv1.channel_alpha 0.9742144346237183 -0.00036986771738156676
stages.3.block.conv2.channel_alpha 0.9864418506622314 -0.0006563213537447155
stages.3.skips.0.conv1.channel_alpha 0.979422926902771 -0.00027246156241744757
conv_out.channel_alpha 1.0 2.3242180759552866e-05
()Epoch~16->train_loss:0.1583, val_loss:0.3552, val_accu:0.8874, time:26.0019, learning rate:0.0983
conv_in.channel_alpha 1.0 0.00016444195352960378
stages.0.block.conv1.channel_alpha 0.98660808801651 4.949458525516093e-05
stages.0.block.conv2.channel_alpha 0.9887903332710266 0.0001300214498769492
stages.0.skips.0.conv1.channel_alpha 0.9689049124717712 0.0003978111199103296
stages.1.block.conv1.channel_alpha 0.960852861404419 0.00024128313816618174
stages.1.block.conv2.channel_alpha 0.9971590638160706 -0.0005536783137358725
stages.1.skips.0.conv1.channel_alpha 0.9936540126800537 0.00037107948446646333
stages.2.block.conv1.channel_alpha 0.9902511239051819 0.0004905116511508822
stages.2.block.conv2.channel_alpha 0.9785404205322266 0.00019236115622334182
stages.2.skips.0.conv1.channel_alpha 0.9967015385627747 9.249575668945909e-05
stages.3.block.conv1.channel_alpha 0.9659812450408936 0.00017369263514410704
stages.3.block.conv2.channel_alpha 0.9889864325523376 7.961405208334327e-05
stages.3.skips.0.conv1.channel_alpha 0.9789113998413086 -4.9255828344030306e-05
conv_out.channel_alpha 1.0 -3.8006888644304127e-05
()Epoch~17->train_loss:0.1445, val_loss:0.4084, val_accu:0.8696, time:25.9746, learning rate:0.098
conv_in.channel_alpha 0.9899171590805054 -2.9743743652943522e-05
stages.0.block.conv1.channel_alpha 0.9863759875297546 -3.583370562409982e-05
stages.0.block.conv2.channel_alpha 0.9897794723510742 -0.00016216703807003796
stages.0.skips.0.conv1.channel_alpha 0.975334644317627 -0.00045986234908923507
stages.1.block.conv1.channel_alpha 0.96260666847229 -0.00039483787259086967
stages.1.block.conv2.channel_alpha 0.9984810948371887 -0.0001596700749360025
stages.1.skips.0.conv1.channel_alpha 0.9963703751564026 -4.8646528739482164e-05
stages.2.block.conv1.channel_alpha 0.9926673769950867 -5.146699550095946e-06
stages.2.block.conv2.channel_alpha 0.9782737493515015 9.602463978808373e-05
stages.2.skips.0.conv1.channel_alpha 0.9996275305747986 -0.00010309565550414845
stages.3.block.conv1.channel_alpha 0.962037980556488 0.00015882162551861256
stages.3.block.conv2.channel_alpha 0.9886466264724731 0.00012059816071996465
stages.3.skips.0.conv1.channel_alpha 0.9782973527908325 3.8982620026217774e-05
conv_out.channel_alpha 1.0 -0.0002879517269320786
()Epoch~18->train_loss:0.1348, val_loss:0.3525, val_accu:0.887, time:25.944, learning rate:0.0978
conv_in.channel_alpha 0.9967148900032043 0.0014053743798285723
stages.0.block.conv1.channel_alpha 0.9866036772727966 1.7480100723332725e-05
stages.0.block.conv2.channel_alpha 0.9801025390625 0.00039109191857278347
stages.0.skips.0.conv1.channel_alpha 0.9675302505493164 0.0004364217456895858
stages.1.block.conv1.channel_alpha 0.9617633819580078 0.00016321543080266565
stages.1.block.conv2.channel_alpha 0.9952816367149353 -0.0005790956784039736
stages.1.skips.0.conv1.channel_alpha 0.9909053444862366 -6.770905019948259e-05
stages.2.block.conv1.channel_alpha 0.9928000569343567 -0.0001808222004910931
stages.2.block.conv2.channel_alpha 0.9753897786140442 -0.00028186364215798676
stages.2.skips.0.conv1.channel_alpha 0.9972670674324036 -0.00023886532289907336
stages.3.block.conv1.channel_alpha 0.9641361832618713 0.00022760604042559862
stages.3.block.conv2.channel_alpha 0.9891363978385925 0.00028278311947360635
stages.3.skips.0.conv1.channel_alpha 0.9797204732894897 -9.439963469048962e-05
conv_out.channel_alpha 1.0 1.2680800864472985e-05
()Epoch~19->train_loss:0.1214, val_loss:0.353, val_accu:0.8898, time:26.0602, learning rate:0.0976
conv_in.channel_alpha 0.9859906435012817 0.001040535164065659
stages.0.block.conv1.channel_alpha 0.9822120666503906 0.000828056363388896
stages.0.block.conv2.channel_alpha 0.9898950457572937 0.00045020904508419335
stages.0.skips.0.conv1.channel_alpha 0.9720392823219299 0.0005480522522702813
stages.1.block.conv1.channel_alpha 0.9644476175308228 7.017417374299839e-05
stages.1.block.conv2.channel_alpha 0.9950376152992249 0.0008562597213312984
stages.1.skips.0.conv1.channel_alpha 0.9917232394218445 0.0002199239534093067
stages.2.block.conv1.channel_alpha 0.9939352869987488 -0.00037130218697711825
stages.2.block.conv2.channel_alpha 0.9752647876739502 -0.00020299205789342523
stages.2.skips.0.conv1.channel_alpha 0.997589111328125 8.962088031694293e-05
stages.3.block.conv1.channel_alpha 0.9528898000717163 0.00011780807108152658
stages.3.block.conv2.channel_alpha 0.9885174632072449 -0.00020121906709391624
stages.3.skips.0.conv1.channel_alpha 0.9778514504432678 -4.808361700270325e-05
conv_out.channel_alpha 1.0 -2.879705061786808e-05
()Epoch~20->train_loss:0.1155, val_loss:0.3335, val_accu:0.8948, time:26.0221, learning rate:0.0973
conv_in.channel_alpha 0.9947772026062012 -0.0005853261682204902
stages.0.block.conv1.channel_alpha 0.9849678874015808 -4.4188793253852054e-05
stages.0.block.conv2.channel_alpha 0.9888724088668823 0.00017464125994592905
stages.0.skips.0.conv1.channel_alpha 0.9690982699394226 0.00013741079601459205
stages.1.block.conv1.channel_alpha 0.9649754762649536 -0.00014380511129274964
stages.1.block.conv2.channel_alpha 1.0 -0.00011386482219677418
stages.1.skips.0.conv1.channel_alpha 0.9886803030967712 0.0004623176355380565
stages.2.block.conv1.channel_alpha 0.9858332872390747 -0.00011553682270459831
stages.2.block.conv2.channel_alpha 0.9790275692939758 0.00018002191791310906
stages.2.skips.0.conv1.channel_alpha 0.9983645677566528 2.5821700546657667e-05
stages.3.block.conv1.channel_alpha 0.9520570635795593 3.30703187501058e-05
stages.3.block.conv2.channel_alpha 0.9888873100280762 -6.309551827143878e-05
stages.3.skips.0.conv1.channel_alpha 0.9780908823013306 -2.0721869077533484e-05
conv_out.channel_alpha 1.0 -3.2627216569380835e-05
()Epoch~21->train_loss:0.1054, val_loss:0.3394, val_accu:0.8898, time:25.9465, learning rate:0.0971
conv_in.channel_alpha 0.990140974521637 -0.001031294697895646
stages.0.block.conv1.channel_alpha 0.9857665300369263 0.00014150798961054534
stages.0.block.conv2.channel_alpha 0.9785628318786621 -0.00038988550659269094
stages.0.skips.0.conv1.channel_alpha 0.9594880938529968 0.000492141698487103
stages.1.block.conv1.channel_alpha 0.9646105766296387 -0.0006199944764375687
stages.1.block.conv2.channel_alpha 1.0 5.4357977205654606e-05
stages.1.skips.0.conv1.channel_alpha 0.9944865107536316 -0.00027232791762799025
stages.2.block.conv1.channel_alpha 0.994173526763916 -0.0001894043234642595
stages.2.block.conv2.channel_alpha 0.9802578091621399 8.985969088826096e-07
stages.2.skips.0.conv1.channel_alpha 0.9964738488197327 1.17885138024576e-05
stages.3.block.conv1.channel_alpha 0.945293128490448 7.024972001090646e-05
stages.3.block.conv2.channel_alpha 0.9893724322319031 -9.174420119961724e-05
stages.3.skips.0.conv1.channel_alpha 0.9785457849502563 6.118650344433263e-05
conv_out.channel_alpha 1.0 -0.00013602996477857232
()Epoch~22->train_loss:0.0966, val_loss:0.3549, val_accu:0.8889, time:25.9349, learning rate:0.0968
conv_in.channel_alpha 1.0 0.00023615856480319053
stages.0.block.conv1.channel_alpha 0.9850347638130188 -0.0003946894721593708
stages.0.block.conv2.channel_alpha 0.9875046014785767 -8.590648940298706e-05
stages.0.skips.0.conv1.channel_alpha 0.9751262664794922 0.001157350605353713
stages.1.block.conv1.channel_alpha 0.9621315002441406 0.00013797491556033492
stages.1.block.conv2.channel_alpha 0.9939679503440857 0.0007556810160167515
stages.1.skips.0.conv1.channel_alpha 0.9888836741447449 -0.00046884288894943893
stages.2.block.conv1.channel_alpha 0.9860790371894836 -0.0009664995595812798
stages.2.block.conv2.channel_alpha 0.9767345786094666 -0.00048394626355729997
stages.2.skips.0.conv1.channel_alpha 0.9973068833351135 -0.00016667853924445808
stages.3.block.conv1.channel_alpha 0.9488372802734375 -0.00015693844761699438
stages.3.block.conv2.channel_alpha 0.9895260334014893 -0.0001239494449691847
stages.3.skips.0.conv1.channel_alpha 0.9738687872886658 -9.592071728548035e-05
conv_out.channel_alpha 1.0 -6.455921538872644e-05
()Epoch~23->train_loss:0.0935, val_loss:0.3315, val_accu:0.8982, time:25.9759, learning rate:0.0965
conv_in.channel_alpha 0.9979758262634277 -0.0006244794931262732
stages.0.block.conv1.channel_alpha 0.9769430756568909 0.0005679369205608964
stages.0.block.conv2.channel_alpha 0.9858716726303101 7.608364103361964e-05
stages.0.skips.0.conv1.channel_alpha 0.9721617698669434 -0.0016904729418456554
stages.1.block.conv1.channel_alpha 0.9617546796798706 0.0004780067247338593
stages.1.block.conv2.channel_alpha 1.0 -3.802920036832802e-05
stages.1.skips.0.conv1.channel_alpha 0.9965819120407104 -0.0002510827034711838
stages.2.block.conv1.channel_alpha 0.9918357133865356 -0.0003336690424475819
stages.2.block.conv2.channel_alpha 0.9786304831504822 -0.00010213485802523792
stages.2.skips.0.conv1.channel_alpha 0.9971145987510681 0.0002459377865307033
stages.3.block.conv1.channel_alpha 0.9484308958053589 6.38644487480633e-05
stages.3.block.conv2.channel_alpha 0.9885919094085693 -0.00015038950368762016
stages.3.skips.0.conv1.channel_alpha 0.9703925251960754 -4.8204834456555545e-05
conv_out.channel_alpha 1.0 -0.00028384101460687816
()Epoch~24->train_loss:0.0926, val_loss:0.3304, val_accu:0.8937, time:25.9695, learning rate:0.0962
conv_in.channel_alpha 0.9913725256919861 0.0013482391368597746
stages.0.block.conv1.channel_alpha 0.9763692617416382 0.00013191749167162925
stages.0.block.conv2.channel_alpha 0.9859780669212341 0.0003673254686873406
stages.0.skips.0.conv1.channel_alpha 0.9697641730308533 1.7305210349150002e-05
stages.1.block.conv1.channel_alpha 0.9618157148361206 -0.0002998189884237945
stages.1.block.conv2.channel_alpha 1.0 2.381803460593801e-05
stages.1.skips.0.conv1.channel_alpha 0.9952497482299805 -0.00014170966460369527
stages.2.block.conv1.channel_alpha 0.9937256574630737 -5.849790250067599e-05
stages.2.block.conv2.channel_alpha 0.9793825149536133 -0.0002402115787845105
stages.2.skips.0.conv1.channel_alpha 0.9984831213951111 0.00015215162420645356
stages.3.block.conv1.channel_alpha 0.9503719210624695 -2.4089824364637025e-05
stages.3.block.conv2.channel_alpha 0.9887698292732239 -6.356029189191759e-05
stages.3.skips.0.conv1.channel_alpha 0.9705022573471069 -5.269636312732473e-05
conv_out.channel_alpha 1.0 -5.098133988212794e-05
()Epoch~25->train_loss:0.0807, val_loss:0.3629, val_accu:0.8882, time:25.9475, learning rate:0.0959
conv_in.channel_alpha 0.9872106313705444 -0.0006127761444076896
stages.0.block.conv1.channel_alpha 0.9794785976409912 -3.752711563720368e-06
stages.0.block.conv2.channel_alpha 0.9845313429832458 0.0001708045310806483
stages.0.skips.0.conv1.channel_alpha 0.9759200811386108 0.00019709544721990824
stages.1.block.conv1.channel_alpha 0.9637700319290161 -3.4322998544666916e-05
stages.1.block.conv2.channel_alpha 0.9979367852210999 -0.0004496912006288767
stages.1.skips.0.conv1.channel_alpha 0.9900785088539124 9.073317778529599e-05
stages.2.block.conv1.channel_alpha 0.995891809463501 -0.00010264893353451043
stages.2.block.conv2.channel_alpha 0.9765987992286682 0.0002503897121641785
stages.2.skips.0.conv1.channel_alpha 0.994499683380127 -0.00014398767962120473
stages.3.block.conv1.channel_alpha 0.954329252243042 -8.185148544725962e-06
stages.3.block.conv2.channel_alpha 0.9887683987617493 -3.927422585547902e-05
stages.3.skips.0.conv1.channel_alpha 0.9684324264526367 -2.8219263185746968e-05
conv_out.channel_alpha 1.0 -1.4031504179001786e-05
()Epoch~26->train_loss:0.0797, val_loss:0.3458, val_accu:0.8929, time:26.0337, learning rate:0.0956
conv_in.channel_alpha 1.0 -0.00014434476906899363
stages.0.block.conv1.channel_alpha 0.9823136329650879 -0.0004721636651083827
stages.0.block.conv2.channel_alpha 0.9881945252418518 2.6965190045302734e-05
stages.0.skips.0.conv1.channel_alpha 0.967269241809845 0.0015945080667734146
stages.1.block.conv1.channel_alpha 0.9609349370002747 0.00026897835778072476
stages.1.block.conv2.channel_alpha 0.9959552884101868 -0.000728482031263411
stages.1.skips.0.conv1.channel_alpha 0.9945367574691772 0.00018131075194105506
stages.2.block.conv1.channel_alpha 0.9937900900840759 0.0003094702260568738
stages.2.block.conv2.channel_alpha 0.9746856689453125 -0.00010695600940380245
stages.2.skips.0.conv1.channel_alpha 0.995766282081604 -0.0003525447391439229
stages.3.block.conv1.channel_alpha 0.9537819027900696 -0.00016435739235021174
stages.3.block.conv2.channel_alpha 0.9900630116462708 -0.00020718750602100044
stages.3.skips.0.conv1.channel_alpha 0.964918851852417 3.0229788535507396e-05
conv_out.channel_alpha 1.0 -0.00016751597286202013
()Epoch~27->train_loss:0.0713, val_loss:0.3179, val_accu:0.898, time:25.9305, learning rate:0.0953
conv_in.channel_alpha 1.0 -6.652649608440697e-05
stages.0.block.conv1.channel_alpha 0.9853935837745667 1.923098534462042e-05
stages.0.block.conv2.channel_alpha 0.974239706993103 0.0004059959901496768
stages.0.skips.0.conv1.channel_alpha 0.9748541116714478 -0.0008082224521785975
stages.1.block.conv1.channel_alpha 0.9628753066062927 -0.00014914323401171714
stages.1.block.conv2.channel_alpha 0.9964578151702881 -0.0007556229829788208
stages.1.skips.0.conv1.channel_alpha 0.9922459125518799 9.794073412194848e-05
stages.2.block.conv1.channel_alpha 0.9892469048500061 -0.0001611655461601913
stages.2.block.conv2.channel_alpha 0.9738157987594604 -0.0009808397153392434
stages.2.skips.0.conv1.channel_alpha 0.9970526099205017 0.00010955870675388724
stages.3.block.conv1.channel_alpha 0.9477339386940002 7.240899867611006e-05
stages.3.block.conv2.channel_alpha 0.9885965585708618 0.00029081679531373084
stages.3.skips.0.conv1.channel_alpha 0.9627526998519897 -2.2928477847017348e-05
conv_out.channel_alpha 1.0 -0.00017038935038726777
()Epoch~28->train_loss:0.0701, val_loss:0.3303, val_accu:0.9017, time:25.9194, learning rate:0.095
conv_in.channel_alpha 0.9917911291122437 -0.0013146690325811505
stages.0.block.conv1.channel_alpha 0.9831244945526123 5.693981802323833e-05
stages.0.block.conv2.channel_alpha 0.9708588123321533 -0.000498214503750205
stages.0.skips.0.conv1.channel_alpha 0.9713440537452698 0.0006167101091705263
stages.1.block.conv1.channel_alpha 0.9584943652153015 0.0003860948490910232
stages.1.block.conv2.channel_alpha 0.9990031719207764 -0.0003175000019837171
stages.1.skips.0.conv1.channel_alpha 0.9926685094833374 -0.00012682192027568817
stages.2.block.conv1.channel_alpha 0.9927305579185486 -8.010237797861919e-05
stages.2.block.conv2.channel_alpha 0.9771391153335571 0.0004191527550574392
stages.2.skips.0.conv1.channel_alpha 0.9958207607269287 0.00025019768509082496
stages.3.block.conv1.channel_alpha 0.9470956325531006 -0.0001651954953558743
stages.3.block.conv2.channel_alpha 0.9888002276420593 -8.520019764546305e-05
stages.3.skips.0.conv1.channel_alpha 0.962792694568634 -5.652105755871162e-05
conv_out.channel_alpha 1.0 -9.664948447607458e-05
()Epoch~29->train_loss:0.0675, val_loss:0.3398, val_accu:0.894, time:25.9603, learning rate:0.0946
conv_in.channel_alpha 0.9989147782325745 0.0008496762020513415
stages.0.block.conv1.channel_alpha 0.9845941066741943 2.6550587790552527e-05
stages.0.block.conv2.channel_alpha 0.9871925115585327 -0.0003222856321372092
stages.0.skips.0.conv1.channel_alpha 0.9689394235610962 -0.000541716639418155
stages.1.block.conv1.channel_alpha 0.9619640111923218 -0.000241747940890491
stages.1.block.conv2.channel_alpha 0.9956377148628235 0.00044991608592681587
stages.1.skips.0.conv1.channel_alpha 0.9925631880760193 0.0003625033132266253
stages.2.block.conv1.channel_alpha 0.9922870397567749 -0.0003324291028548032
stages.2.block.conv2.channel_alpha 0.9742920398712158 0.0009915995178744197
stages.2.skips.0.conv1.channel_alpha 0.9952173233032227 -0.0002874437777791172
stages.3.block.conv1.channel_alpha 0.9474097490310669 -0.00021211421699263155
stages.3.block.conv2.channel_alpha 0.9868978261947632 -8.217756840167567e-05
stages.3.skips.0.conv1.channel_alpha 0.963091254234314 -3.330787876620889e-05
conv_out.channel_alpha 1.0 9.1122645244468e-05
()Epoch~30->train_loss:0.0643, val_loss:0.3394, val_accu:0.8961, time:25.9433, learning rate:0.0943
conv_in.channel_alpha 0.9901225566864014 -0.0007231312920339406
stages.0.block.conv1.channel_alpha 0.9847450852394104 -0.00010982535604853183
stages.0.block.conv2.channel_alpha 0.9856529235839844 -7.191191980382428e-05
stages.0.skips.0.conv1.channel_alpha 0.9731784462928772 0.00015693796740379184
stages.1.block.conv1.channel_alpha 0.9585621356964111 -4.9233050958719105e-05
stages.1.block.conv2.channel_alpha 0.9994513392448425 0.0005274953437037766
stages.1.skips.0.conv1.channel_alpha 0.9941937327384949 0.0003437567502260208
stages.2.block.conv1.channel_alpha 0.9817725419998169 -0.000814861967228353
stages.2.block.conv2.channel_alpha 0.9785273671150208 -0.00015098406584002078
stages.2.skips.0.conv1.channel_alpha 0.9976527690887451 0.00010060866043204442
stages.3.block.conv1.channel_alpha 0.9481486678123474 5.303382931742817e-05
stages.3.block.conv2.channel_alpha 0.9887003302574158 -2.196702189394273e-05
stages.3.skips.0.conv1.channel_alpha 0.9608559012413025 -1.5480050933547318e-05
conv_out.channel_alpha 1.0 4.809643542103004e-06
()Epoch~31->train_loss:0.0616, val_loss:0.3261, val_accu:0.9006, time:25.9417, learning rate:0.0939
conv_in.channel_alpha 0.9882475137710571 -0.0007591736502945423
stages.0.block.conv1.channel_alpha 0.9848843812942505 -2.0296174625400454e-05
stages.0.block.conv2.channel_alpha 0.9861415028572083 -2.520462112443056e-05
stages.0.skips.0.conv1.channel_alpha 0.9697790741920471 4.354606062406674e-05
stages.1.block.conv1.channel_alpha 0.958754301071167 -0.00015530228847637773
stages.1.block.conv2.channel_alpha 1.0 1.9895611330866814e-05
stages.1.skips.0.conv1.channel_alpha 0.9948410987854004 8.578306733397767e-05
stages.2.block.conv1.channel_alpha 0.989284098148346 -2.1111973182996735e-05
stages.2.block.conv2.channel_alpha 0.9792272448539734 -3.8067159039201215e-05
stages.2.skips.0.conv1.channel_alpha 0.9922015070915222 -1.692495061433874e-05
stages.3.block.conv1.channel_alpha 0.9482632875442505 3.1931514968164265e-05
stages.3.block.conv2.channel_alpha 0.9900740385055542 -5.154126483830623e-05
stages.3.skips.0.conv1.channel_alpha 0.9609951376914978 -5.155117833055556e-06
conv_out.channel_alpha 1.0 -0.00016016488370951265
()Epoch~32->train_loss:0.0583, val_loss:0.3021, val_accu:0.9035, time:25.952, learning rate:0.0935
conv_in.channel_alpha 0.9924505949020386 0.0022663960698992014
stages.0.block.conv1.channel_alpha 0.9810218811035156 0.00037819528370164335
stages.0.block.conv2.channel_alpha 0.9843916296958923 0.0005741644417867064
stages.0.skips.0.conv1.channel_alpha 0.9611409306526184 0.0007489611161872745
stages.1.block.conv1.channel_alpha 0.9625457525253296 -0.00020219016005285084
stages.1.block.conv2.channel_alpha 1.0 3.634942913777195e-05
stages.1.skips.0.conv1.channel_alpha 0.9934375286102295 -1.4416549674933776e-05
stages.2.block.conv1.channel_alpha 0.9924840331077576 3.7599518236675067e-06
stages.2.block.conv2.channel_alpha 0.9754018783569336 0.00042635141289792955
stages.2.skips.0.conv1.channel_alpha 0.9975855946540833 -7.613129855599254e-05
stages.3.block.conv1.channel_alpha 0.9483693838119507 -4.233901927364059e-05
stages.3.block.conv2.channel_alpha 0.9894790649414062 -1.1124357115477324e-05
stages.3.skips.0.conv1.channel_alpha 0.9621768593788147 -0.0001575723144924268
conv_out.channel_alpha 1.0 -3.9715247112326324e-05
